{"/home/vg-nb-079/Documents/git/illustrarama-site-2/components/PostExcerpt.vue": {"path":"/home/vg-nb-079/Documents/git/illustrarama-site-2/components/PostExcerpt.vue","statementMap":{"0":{"start":{"line":28,"column":0},"end":{"line":28,"column":null}}},"fnMap":{},"branchMap":{},"s":{"0":0},"f":{},"b":{}}
,"/home/vg-nb-079/Documents/git/illustrarama-site-2/components/PostList.vue": {"path":"/home/vg-nb-079/Documents/git/illustrarama-site-2/components/PostList.vue","statementMap":{"0":{"start":{"line":10,"column":0},"end":{"line":10,"column":null}}},"fnMap":{},"branchMap":{},"s":{"0":0},"f":{},"b":{}}
,"/home/vg-nb-079/Documents/git/illustrarama-site-2/components/footer/SiteFooter.vue": {"path":"/home/vg-nb-079/Documents/git/illustrarama-site-2/components/footer/SiteFooter.vue","statementMap":{"0":{"start":{"line":91,"column":0},"end":{"line":91,"column":null}},"1":{"start":{"line":96,"column":0},"end":{"line":96,"column":null}},"2":{"start":{"line":97,"column":0},"end":{"line":99,"column":null}},"3":{"start":{"line":98,"column":0},"end":{"line":98,"column":null}},"4":{"start":{"line":100,"column":0},"end":{"line":100,"column":null}},"5":{"start":{"line":107,"column":0},"end":{"line":107,"column":null}},"6":{"start":{"line":108,"column":0},"end":{"line":110,"column":null}},"7":{"start":{"line":109,"column":0},"end":{"line":109,"column":null}},"8":{"start":{"line":114,"column":0},"end":{"line":133,"column":null}},"9":{"start":{"line":115,"column":0},"end":{"line":115,"column":null}},"10":{"start":{"line":116,"column":0},"end":{"line":116,"column":null}},"11":{"start":{"line":119,"column":0},"end":{"line":130,"column":null}},"12":{"start":{"line":120,"column":0},"end":{"line":127,"column":null}},"13":{"start":{"line":121,"column":0},"end":{"line":121,"column":null}},"14":{"start":{"line":124,"column":0},"end":{"line":124,"column":null}},"15":{"start":{"line":126,"column":0},"end":{"line":126,"column":null}},"16":{"start":{"line":129,"column":0},"end":{"line":129,"column":null}},"17":{"start":{"line":132,"column":0},"end":{"line":132,"column":null}}},"fnMap":{"0":{"name":"(anonymous_2)","decl":{"start":{"line":95,"column":0},"end":{"line":95,"column":null}},"loc":{"start":{"line":95,"column":0},"end":{"line":105,"column":null}}},"1":{"name":"(anonymous_3)","decl":{"start":{"line":106,"column":0},"end":{"line":106,"column":null}},"loc":{"start":{"line":106,"column":0},"end":{"line":111,"column":null}}},"2":{"name":"(anonymous_4)","decl":{"start":{"line":113,"column":0},"end":{"line":113,"column":null}},"loc":{"start":{"line":113,"column":0},"end":{"line":134,"column":null}}}},"branchMap":{"0":{"loc":{"start":{"line":97,"column":0},"end":{"line":99,"column":null}},"type":"if","locations":[{"start":{"line":97,"column":0},"end":{"line":99,"column":null}},{"start":{"line":97,"column":0},"end":{"line":99,"column":null}}]},"1":{"loc":{"start":{"line":97,"column":0},"end":{"line":97,"column":null}},"type":"binary-expr","locations":[{"start":{"line":97,"column":0},"end":{"line":97,"column":null}},{"start":{"line":97,"column":0},"end":{"line":97,"column":null}}]},"2":{"loc":{"start":{"line":108,"column":0},"end":{"line":110,"column":null}},"type":"if","locations":[{"start":{"line":108,"column":0},"end":{"line":110,"column":null}},{"start":{"line":108,"column":0},"end":{"line":110,"column":null}}]},"3":{"loc":{"start":{"line":108,"column":0},"end":{"line":108,"column":null}},"type":"binary-expr","locations":[{"start":{"line":108,"column":0},"end":{"line":108,"column":null}},{"start":{"line":108,"column":0},"end":{"line":108,"column":null}}]},"4":{"loc":{"start":{"line":120,"column":0},"end":{"line":127,"column":null}},"type":"if","locations":[{"start":{"line":120,"column":0},"end":{"line":127,"column":null}},{"start":{"line":120,"column":0},"end":{"line":127,"column":null}}]},"5":{"loc":{"start":{"line":121,"column":0},"end":{"line":121,"column":null}},"type":"binary-expr","locations":[{"start":{"line":121,"column":0},"end":{"line":121,"column":null}},{"start":{"line":121,"column":0},"end":{"line":121,"column":null}}]},"6":{"loc":{"start":{"line":122,"column":0},"end":{"line":122,"column":null}},"type":"binary-expr","locations":[{"start":{"line":122,"column":0},"end":{"line":122,"column":null}},{"start":{"line":122,"column":0},"end":{"line":122,"column":null}}]}},"s":{"0":1,"1":2,"2":2,"3":0,"4":2,"5":2,"6":2,"7":0,"8":0,"9":0,"10":0,"11":0,"12":0,"13":0,"14":0,"15":0,"16":0,"17":0},"f":{"0":2,"1":2,"2":0},"b":{"0":[0,2],"1":[2,0],"2":[0,2],"3":[2,2],"4":[0,0],"5":[0,0],"6":[0,0]}}
,"/home/vg-nb-079/Documents/git/illustrarama-site-2/components/post/NewsList.vue": {"path":"/home/vg-nb-079/Documents/git/illustrarama-site-2/components/post/NewsList.vue","statementMap":{"0":{"start":{"line":160,"column":0},"end":{"line":160,"column":null}},"1":{"start":{"line":165,"column":0},"end":{"line":165,"column":null}},"2":{"start":{"line":166,"column":0},"end":{"line":166,"column":null}}},"fnMap":{"0":{"name":"(anonymous_1)","decl":{"start":{"line":159,"column":0},"end":{"line":159,"column":null}},"loc":{"start":{"line":159,"column":0},"end":{"line":163,"column":null}}},"1":{"name":"(anonymous_2)","decl":{"start":{"line":164,"column":0},"end":{"line":164,"column":null}},"loc":{"start":{"line":164,"column":0},"end":{"line":323,"column":null}}}},"branchMap":{"0":{"loc":{"start":{"line":161,"column":0},"end":{"line":161,"column":null}},"type":"binary-expr","locations":[{"start":{"line":161,"column":0},"end":{"line":161,"column":null}},{"start":{"line":161,"column":0},"end":{"line":161,"column":null}}]}},"s":{"0":0,"1":0,"2":0},"f":{"0":0,"1":0},"b":{"0":[0,0]}}
,"/home/vg-nb-079/Documents/git/illustrarama-site-2/pages/about.vue": {"path":"/home/vg-nb-079/Documents/git/illustrarama-site-2/pages/about.vue","statementMap":{"0":{"start":{"line":57,"column":0},"end":{"line":57,"column":null}}},"fnMap":{"0":{"name":"(anonymous_1)","decl":{"start":{"line":56,"column":0},"end":{"line":56,"column":null}},"loc":{"start":{"line":56,"column":0},"end":{"line":158,"column":null}}}},"branchMap":{},"s":{"0":0},"f":{"0":0},"b":{}}
,"/home/vg-nb-079/Documents/git/illustrarama-site-2/pages/comments.vue": {"path":"/home/vg-nb-079/Documents/git/illustrarama-site-2/pages/comments.vue","statementMap":{"0":{"start":{"line":35,"column":0},"end":{"line":35,"column":null}}},"fnMap":{"0":{"name":"(anonymous_1)","decl":{"start":{"line":34,"column":0},"end":{"line":34,"column":null}},"loc":{"start":{"line":34,"column":0},"end":{"line":136,"column":null}}}},"branchMap":{},"s":{"0":0},"f":{"0":0},"b":{}}
,"/home/vg-nb-079/Documents/git/illustrarama-site-2/pages/cookies.vue": {"path":"/home/vg-nb-079/Documents/git/illustrarama-site-2/pages/cookies.vue","statementMap":{"0":{"start":{"line":41,"column":0},"end":{"line":41,"column":null}}},"fnMap":{"0":{"name":"(anonymous_1)","decl":{"start":{"line":40,"column":0},"end":{"line":40,"column":null}},"loc":{"start":{"line":40,"column":0},"end":{"line":142,"column":null}}}},"branchMap":{},"s":{"0":0},"f":{"0":0},"b":{}}
,"/home/vg-nb-079/Documents/git/illustrarama-site-2/pages/index.vue": {"path":"/home/vg-nb-079/Documents/git/illustrarama-site-2/pages/index.vue","statementMap":{"0":{"start":{"line":42,"column":0},"end":{"line":42,"column":null}},"1":{"start":{"line":43,"column":0},"end":{"line":43,"column":null}},"2":{"start":{"line":48,"column":0},"end":{"line":48,"column":null}},"3":{"start":{"line":182,"column":0},"end":{"line":182,"column":null}},"4":{"start":{"line":187,"column":0},"end":{"line":187,"column":null}},"5":{"start":{"line":188,"column":0},"end":{"line":188,"column":null}},"6":{"start":{"line":189,"column":0},"end":{"line":191,"column":null}},"7":{"start":{"line":190,"column":0},"end":{"line":190,"column":null}},"8":{"start":{"line":192,"column":0},"end":{"line":192,"column":null}},"9":{"start":{"line":193,"column":0},"end":{"line":193,"column":null}},"10":{"start":{"line":194,"column":0},"end":{"line":194,"column":null}},"11":{"start":{"line":195,"column":0},"end":{"line":197,"column":null}},"12":{"start":{"line":196,"column":0},"end":{"line":196,"column":null}},"13":{"start":{"line":212,"column":0},"end":{"line":212,"column":null}}},"fnMap":{"0":{"name":"(anonymous_2)","decl":{"start":{"line":47,"column":0},"end":{"line":47,"column":null}},"loc":{"start":{"line":47,"column":0},"end":{"line":180,"column":null}}},"1":{"name":"(anonymous_3)","decl":{"start":{"line":181,"column":0},"end":{"line":181,"column":null}},"loc":{"start":{"line":181,"column":0},"end":{"line":185,"column":null}}},"2":{"name":"(anonymous_4)","decl":{"start":{"line":186,"column":0},"end":{"line":186,"column":null}},"loc":{"start":{"line":186,"column":0},"end":{"line":213,"column":null}}}},"branchMap":{"0":{"loc":{"start":{"line":183,"column":0},"end":{"line":183,"column":null}},"type":"binary-expr","locations":[{"start":{"line":183,"column":0},"end":{"line":183,"column":null}},{"start":{"line":183,"column":0},"end":{"line":183,"column":null}}]},"1":{"loc":{"start":{"line":189,"column":0},"end":{"line":191,"column":null}},"type":"if","locations":[{"start":{"line":189,"column":0},"end":{"line":191,"column":null}},{"start":{"line":189,"column":0},"end":{"line":191,"column":null}}]},"2":{"loc":{"start":{"line":195,"column":0},"end":{"line":197,"column":null}},"type":"if","locations":[{"start":{"line":195,"column":0},"end":{"line":197,"column":null}},{"start":{"line":195,"column":0},"end":{"line":197,"column":null}}]}},"s":{"0":0,"1":0,"2":0,"3":0,"4":0,"5":0,"6":0,"7":0,"8":0,"9":0,"10":0,"11":0,"12":0,"13":0},"f":{"0":0,"1":0,"2":0},"b":{"0":[0,0],"1":[0,0],"2":[0,0]}}
,"/home/vg-nb-079/Documents/git/illustrarama-site-2/pages/news.vue": {"path":"/home/vg-nb-079/Documents/git/illustrarama-site-2/pages/news.vue","statementMap":{"0":{"start":{"line":8,"column":0},"end":{"line":8,"column":null}},"1":{"start":{"line":9,"column":0},"end":{"line":9,"column":null}},"2":{"start":{"line":14,"column":0},"end":{"line":14,"column":null}},"3":{"start":{"line":15,"column":0},"end":{"line":17,"column":null}},"4":{"start":{"line":16,"column":0},"end":{"line":16,"column":null}},"5":{"start":{"line":18,"column":0},"end":{"line":18,"column":null}},"6":{"start":{"line":19,"column":0},"end":{"line":21,"column":null}},"7":{"start":{"line":20,"column":0},"end":{"line":20,"column":null}},"8":{"start":{"line":22,"column":0},"end":{"line":22,"column":null}},"9":{"start":{"line":23,"column":0},"end":{"line":31,"column":null}},"10":{"start":{"line":24,"column":0},"end":{"line":24,"column":null}},"11":{"start":{"line":26,"column":0},"end":{"line":26,"column":null}},"12":{"start":{"line":27,"column":0},"end":{"line":27,"column":null}},"13":{"start":{"line":28,"column":0},"end":{"line":28,"column":null}},"14":{"start":{"line":29,"column":0},"end":{"line":29,"column":null}},"15":{"start":{"line":30,"column":0},"end":{"line":30,"column":null}}},"fnMap":{"0":{"name":"(anonymous_2)","decl":{"start":{"line":13,"column":0},"end":{"line":13,"column":null}},"loc":{"start":{"line":13,"column":0},"end":{"line":32,"column":null}}}},"branchMap":{"0":{"loc":{"start":{"line":15,"column":0},"end":{"line":17,"column":null}},"type":"if","locations":[{"start":{"line":15,"column":0},"end":{"line":17,"column":null}},{"start":{"line":15,"column":0},"end":{"line":17,"column":null}}]},"1":{"loc":{"start":{"line":15,"column":0},"end":{"line":15,"column":null}},"type":"binary-expr","locations":[{"start":{"line":15,"column":0},"end":{"line":15,"column":null}},{"start":{"line":15,"column":0},"end":{"line":15,"column":null}}]},"2":{"loc":{"start":{"line":19,"column":0},"end":{"line":21,"column":null}},"type":"if","locations":[{"start":{"line":19,"column":0},"end":{"line":21,"column":null}},{"start":{"line":19,"column":0},"end":{"line":21,"column":null}}]},"3":{"loc":{"start":{"line":23,"column":0},"end":{"line":31,"column":null}},"type":"if","locations":[{"start":{"line":23,"column":0},"end":{"line":31,"column":null}},{"start":{"line":23,"column":0},"end":{"line":31,"column":null}}]},"4":{"loc":{"start":{"line":27,"column":0},"end":{"line":27,"column":null}},"type":"cond-expr","locations":[{"start":{"line":27,"column":0},"end":{"line":27,"column":null}},{"start":{"line":27,"column":0},"end":{"line":27,"column":null}}]},"5":{"loc":{"start":{"line":28,"column":0},"end":{"line":28,"column":null}},"type":"cond-expr","locations":[{"start":{"line":28,"column":0},"end":{"line":28,"column":null}},{"start":{"line":28,"column":0},"end":{"line":28,"column":null}}]}},"s":{"0":0,"1":0,"2":0,"3":0,"4":0,"5":0,"6":0,"7":0,"8":0,"9":0,"10":0,"11":0,"12":0,"13":0,"14":0,"15":0},"f":{"0":0},"b":{"0":[0,0],"1":[0,0],"2":[0,0],"3":[0,0],"4":[0,0],"5":[0,0]}}
,"/home/vg-nb-079/Documents/git/illustrarama-site-2/pages/search.vue": {"path":"/home/vg-nb-079/Documents/git/illustrarama-site-2/pages/search.vue","statementMap":{"0":{"start":{"line":40,"column":0},"end":{"line":40,"column":null}},"1":{"start":{"line":41,"column":0},"end":{"line":41,"column":null}},"2":{"start":{"line":45,"column":0},"end":{"line":45,"column":null}},"3":{"start":{"line":171,"column":0},"end":{"line":171,"column":null}},"4":{"start":{"line":176,"column":0},"end":{"line":176,"column":null}},"5":{"start":{"line":177,"column":0},"end":{"line":179,"column":null}},"6":{"start":{"line":178,"column":0},"end":{"line":178,"column":null}},"7":{"start":{"line":180,"column":0},"end":{"line":180,"column":null}},"8":{"start":{"line":181,"column":0},"end":{"line":181,"column":null}},"9":{"start":{"line":182,"column":0},"end":{"line":182,"column":null}},"10":{"start":{"line":183,"column":0},"end":{"line":183,"column":null}}},"fnMap":{"0":{"name":"(anonymous_2)","decl":{"start":{"line":44,"column":0},"end":{"line":44,"column":null}},"loc":{"start":{"line":44,"column":0},"end":{"line":169,"column":null}}},"1":{"name":"(anonymous_3)","decl":{"start":{"line":170,"column":0},"end":{"line":170,"column":null}},"loc":{"start":{"line":170,"column":0},"end":{"line":174,"column":null}}},"2":{"name":"(anonymous_4)","decl":{"start":{"line":175,"column":0},"end":{"line":175,"column":null}},"loc":{"start":{"line":175,"column":0},"end":{"line":184,"column":null}}}},"branchMap":{"0":{"loc":{"start":{"line":172,"column":0},"end":{"line":172,"column":null}},"type":"binary-expr","locations":[{"start":{"line":172,"column":0},"end":{"line":172,"column":null}},{"start":{"line":172,"column":0},"end":{"line":172,"column":null}}]},"1":{"loc":{"start":{"line":177,"column":0},"end":{"line":179,"column":null}},"type":"if","locations":[{"start":{"line":177,"column":0},"end":{"line":179,"column":null}},{"start":{"line":177,"column":0},"end":{"line":179,"column":null}}]},"2":{"loc":{"start":{"line":180,"column":0},"end":{"line":180,"column":null}},"type":"binary-expr","locations":[{"start":{"line":180,"column":0},"end":{"line":180,"column":null}},{"start":{"line":180,"column":0},"end":{"line":180,"column":null}}]}},"s":{"0":0,"1":0,"2":0,"3":0,"4":0,"5":0,"6":0,"7":0,"8":0,"9":0,"10":0},"f":{"0":0,"1":0,"2":0},"b":{"0":[0,0],"1":[0,0],"2":[0,0]}}
}
