TN:
SF:components/PostExcerpt.vue
FNF:0
FNH:0
DA:28,0
LF:1
LH:0
BRF:0
BRH:0
end_of_record
TN:
SF:components/PostList.vue
FNF:0
FNH:0
DA:10,0
LF:1
LH:0
BRF:0
BRH:0
end_of_record
TN:
SF:components/footer/SiteFooter.vue
FN:95,(anonymous_2)
FN:106,(anonymous_3)
FN:113,(anonymous_4)
FNF:3
FNH:2
FNDA:2,(anonymous_2)
FNDA:2,(anonymous_3)
FNDA:0,(anonymous_4)
DA:91,1
DA:96,2
DA:97,2
DA:98,0
DA:100,2
DA:107,2
DA:108,2
DA:109,0
DA:114,0
DA:115,0
DA:116,0
DA:119,0
DA:120,0
DA:121,0
DA:124,0
DA:126,0
DA:129,0
DA:132,0
LF:18
LH:6
BRDA:97,0,0,0
BRDA:97,0,1,2
BRDA:97,1,0,2
BRDA:97,1,1,0
BRDA:108,2,0,0
BRDA:108,2,1,2
BRDA:108,3,0,2
BRDA:108,3,1,2
BRDA:120,4,0,0
BRDA:120,4,1,0
BRDA:121,5,0,0
BRDA:121,5,1,0
BRDA:122,6,0,0
BRDA:122,6,1,0
BRF:14
BRH:5
end_of_record
TN:
SF:components/post/NewsList.vue
FN:159,(anonymous_1)
FN:164,(anonymous_2)
FNF:2
FNH:0
FNDA:0,(anonymous_1)
FNDA:0,(anonymous_2)
DA:160,0
DA:165,0
DA:166,0
LF:3
LH:0
BRDA:161,0,0,0
BRDA:161,0,1,0
BRF:2
BRH:0
end_of_record
TN:
SF:pages/about.vue
FN:56,(anonymous_1)
FNF:1
FNH:0
FNDA:0,(anonymous_1)
DA:57,0
LF:1
LH:0
BRF:0
BRH:0
end_of_record
TN:
SF:pages/comments.vue
FN:34,(anonymous_1)
FNF:1
FNH:0
FNDA:0,(anonymous_1)
DA:35,0
LF:1
LH:0
BRF:0
BRH:0
end_of_record
TN:
SF:pages/cookies.vue
FN:40,(anonymous_1)
FNF:1
FNH:0
FNDA:0,(anonymous_1)
DA:41,0
LF:1
LH:0
BRF:0
BRH:0
end_of_record
TN:
SF:pages/index.vue
FN:47,(anonymous_2)
FN:181,(anonymous_3)
FN:186,(anonymous_4)
FNF:3
FNH:0
FNDA:0,(anonymous_2)
FNDA:0,(anonymous_3)
FNDA:0,(anonymous_4)
DA:42,0
DA:43,0
DA:48,0
DA:182,0
DA:187,0
DA:188,0
DA:189,0
DA:190,0
DA:192,0
DA:193,0
DA:194,0
DA:195,0
DA:196,0
DA:212,0
LF:14
LH:0
BRDA:183,0,0,0
BRDA:183,0,1,0
BRDA:189,1,0,0
BRDA:189,1,1,0
BRDA:195,2,0,0
BRDA:195,2,1,0
BRF:6
BRH:0
end_of_record
TN:
SF:pages/news.vue
FN:13,(anonymous_2)
FNF:1
FNH:0
FNDA:0,(anonymous_2)
DA:8,0
DA:9,0
DA:14,0
DA:15,0
DA:16,0
DA:18,0
DA:19,0
DA:20,0
DA:22,0
DA:23,0
DA:24,0
DA:26,0
DA:27,0
DA:28,0
DA:29,0
DA:30,0
LF:16
LH:0
BRDA:15,0,0,0
BRDA:15,0,1,0
BRDA:15,1,0,0
BRDA:15,1,1,0
BRDA:19,2,0,0
BRDA:19,2,1,0
BRDA:23,3,0,0
BRDA:23,3,1,0
BRDA:27,4,0,0
BRDA:27,4,1,0
BRDA:28,5,0,0
BRDA:28,5,1,0
BRF:12
BRH:0
end_of_record
TN:
SF:pages/search.vue
FN:44,(anonymous_2)
FN:170,(anonymous_3)
FN:175,(anonymous_4)
FNF:3
FNH:0
FNDA:0,(anonymous_2)
FNDA:0,(anonymous_3)
FNDA:0,(anonymous_4)
DA:40,0
DA:41,0
DA:45,0
DA:171,0
DA:176,0
DA:177,0
DA:178,0
DA:180,0
DA:181,0
DA:182,0
DA:183,0
LF:11
LH:0
BRDA:172,0,0,0
BRDA:172,0,1,0
BRDA:177,1,0,0
BRDA:177,1,1,0
BRDA:180,2,0,0
BRDA:180,2,1,0
BRF:6
BRH:0
end_of_record
